<?xml version="1.0" encoding="UTF-8"?>
<!-- Generated by org.testng.reporters.JUnitReportReporter -->
<testsuite hostname="MadhaviBambawle" failures="0" tests="4" name="Admin_TestScripts.TC_ID_18_Delete_Restore_Candidate" time="27.344" errors="0" timestamp="2025-04-03T14:55:01 IST" skipped="0">
  <testcase classname="Admin_TestScripts.TC_ID_18_Delete_Restore_Candidate" name="TC_ID_18_12" time="6.239"/>
  <system-out/>
  <testcase classname="Admin_TestScripts.TC_ID_18_Delete_Restore_Candidate" name="TC_ID_18_09" time="11.635"/>
  <system-out/>
  <testcase classname="Admin_TestScripts.TC_ID_18_Delete_Restore_Candidate" name="TC_ID_18_10" time="6.324"/>
  <system-out/>
  <testcase classname="Admin_TestScripts.TC_ID_18_Delete_Restore_Candidate" name="TC_ID_18_11" time="3.146"/>
  <system-out/>
</testsuite> <!-- Admin_TestScripts.TC_ID_18_Delete_Restore_Candidate -->
