<?xml version="1.0" encoding="UTF-8"?>
<!-- Generated by org.testng.reporters.JUnitReportReporter -->
<testsuite hostname="MadhaviBambawle" failures="0" tests="5" name="Admin_TestScripts.TC_ID_18_Candidate_Listing" time="16.100" errors="0" timestamp="2025-04-03T12:40:51 IST" skipped="0">
  <testcase classname="Admin_TestScripts.TC_ID_18_Candidate_Listing" name="TC_ID_18_01" time="5.593"/>
  <system-out/>
  <testcase classname="Admin_TestScripts.TC_ID_18_Candidate_Listing" name="TC_ID_18_05" time="0.800"/>
  <system-out/>
  <testcase classname="Admin_TestScripts.TC_ID_18_Candidate_Listing" name="TC_ID_18_03" time="4.416"/>
  <system-out/>
  <testcase classname="Admin_TestScripts.TC_ID_18_Candidate_Listing" name="TC_ID_18_02" time="0.700"/>
  <system-out/>
  <testcase classname="Admin_TestScripts.TC_ID_18_Candidate_Listing" name="TC_ID_18_04" time="4.591"/>
  <system-out/>
</testsuite> <!-- Admin_TestScripts.TC_ID_18_Candidate_Listing -->
