<?xml version="1.0" encoding="UTF-8"?>
<!-- Generated by org.testng.reporters.JUnitReportReporter -->
<testsuite hostname="MadhaviBambawle" failures="0" tests="12" name="Admin_TestScripts.TC_ID_19_Current_Applications" time="37.094" errors="0" timestamp="2025-04-07T17:55:00 IST" skipped="0">
  <testcase classname="Admin_TestScripts.TC_ID_19_Current_Applications" name="TC_ID_19_03" time="12.342"/>
  <system-out/>
  <testcase classname="Admin_TestScripts.TC_ID_19_Current_Applications" name="TC_ID_19_04" time="4.208"/>
  <system-out/>
  <testcase classname="Admin_TestScripts.TC_ID_19_Current_Applications" name="TC_ID_19_01" time="3.669"/>
  <system-out/>
  <testcase classname="Admin_TestScripts.TC_ID_19_Current_Applications" name="TC_ID_19_06" time="4.435"/>
  <system-out/>
  <testcase classname="Admin_TestScripts.TC_ID_19_Current_Applications" name="TC_ID_19_12" time="0.214"/>
  <system-out/>
  <testcase classname="Admin_TestScripts.TC_ID_19_Current_Applications" name="TC_ID_19_05" time="0.045"/>
  <system-out/>
  <testcase classname="Admin_TestScripts.TC_ID_19_Current_Applications" name="TC_ID_19_14" time="2.102"/>
  <system-out/>
  <testcase classname="Admin_TestScripts.TC_ID_19_Current_Applications" name="TC_ID_19_07" time="2.296"/>
  <system-out/>
  <testcase classname="Admin_TestScripts.TC_ID_19_Current_Applications" name="TC_ID_19_02" time="0.081"/>
  <system-out/>
  <testcase classname="Admin_TestScripts.TC_ID_19_Current_Applications" name="TC_ID_19_13" time="0.232"/>
  <system-out/>
  <testcase classname="Admin_TestScripts.TC_ID_19_Current_Applications" name="TC_ID_19_08" time="0.748"/>
  <system-out/>
  <testcase classname="Admin_TestScripts.TC_ID_19_Current_Applications" name="TC_ID_19_11" time="6.722"/>
  <system-out/>
</testsuite> <!-- Admin_TestScripts.TC_ID_19_Current_Applications -->
