<?xml version="1.0" encoding="UTF-8"?>
<!-- Generated by org.testng.reporters.JUnitReportReporter -->
<testsuite hostname="MadhaviBambawle" failures="0" tests="9" name="Admin_TestScripts.TC_ID_20_Trash" time="16.646" errors="0" timestamp="2025-04-10T13:26:46 IST" skipped="0">
  <testcase classname="Admin_TestScripts.TC_ID_20_Trash" name="TC_ID_20_06" time="1.283"/>
  <system-out/>
  <testcase classname="Admin_TestScripts.TC_ID_20_Trash" name="TC_ID_20_04" time="0.208"/>
  <system-out/>
  <testcase classname="Admin_TestScripts.TC_ID_20_Trash" name="TC_ID_20_05" time="1.180"/>
  <system-out/>
  <testcase classname="Admin_TestScripts.TC_ID_20_Trash" name="TC_ID_20_09" time="0.452"/>
  <system-out/>
  <testcase classname="Admin_TestScripts.TC_ID_20_Trash" name="TC_ID_20_02" time="0.318"/>
  <system-out/>
  <testcase classname="Admin_TestScripts.TC_ID_20_Trash" name="TC_ID_20_07" time="0.863"/>
  <system-out/>
  <testcase classname="Admin_TestScripts.TC_ID_20_Trash" name="TC_ID_20_03" time="0.493"/>
  <system-out/>
  <testcase classname="Admin_TestScripts.TC_ID_20_Trash" name="TC_ID_20_08" time="0.173"/>
  <system-out/>
  <testcase classname="Admin_TestScripts.TC_ID_20_Trash" name="TC_ID_20_01" time="11.676"/>
  <system-out/>
</testsuite> <!-- Admin_TestScripts.TC_ID_20_Trash -->
