<?xml version="1.0" encoding="UTF-8"?>
<!-- Generated by org.testng.reporters.JUnitReportReporter -->
<testsuite hostname="MadhaviBambawle" failures="0" tests="3" name="Admin_TestScripts.TC_ID_18_Edit_Candidate" time="104.913" errors="0" timestamp="2025-04-03T10:50:20 IST" skipped="0">
  <testcase classname="Admin_TestScripts.TC_ID_18_Edit_Candidate" name="TC_ID_18_06" time="6.353"/>
  <system-out/>
  <testcase classname="Admin_TestScripts.TC_ID_18_Edit_Candidate" name="TC_ID_18_08" time="48.836"/>
  <system-out/>
  <testcase classname="Admin_TestScripts.TC_ID_18_Edit_Candidate" name="TC_ID_18_07" time="49.724"/>
  <system-out/>
</testsuite> <!-- Admin_TestScripts.TC_ID_18_Edit_Candidate -->
