<?xml version="1.0" encoding="UTF-8"?>
<!-- Generated by org.testng.reporters.JUnitReportReporter -->
<testsuite hostname="MadhaviBambawle" failures="0" tests="12" name="Candidate_TestScripts.TC_ID_05_Register_and_Login" time="31.338" errors="0" timestamp="2025-04-08T17:17:55 IST" skipped="0">
  <testcase classname="Candidate_TestScripts.TC_ID_05_Register_and_Login" name="TC_ID_05_05" time="0.149"/>
  <system-out/>
  <testcase classname="Candidate_TestScripts.TC_ID_05_Register_and_Login" name="TC_ID_05_10" time="12.001"/>
  <system-out/>
  <testcase classname="Candidate_TestScripts.TC_ID_05_Register_and_Login" name="TC_ID_05_11" time="5.888"/>
  <system-out/>
  <testcase classname="Candidate_TestScripts.TC_ID_05_Register_and_Login" name="TC_ID_05_16" time="0.771"/>
  <system-out/>
  <testcase classname="Candidate_TestScripts.TC_ID_05_Register_and_Login" name="TC_ID_05_04" time="1.925"/>
  <system-out/>
  <testcase classname="Candidate_TestScripts.TC_ID_05_Register_and_Login" name="TC_ID_05_09" time="2.803"/>
  <system-out/>
  <testcase classname="Candidate_TestScripts.TC_ID_05_Register_and_Login" name="TC_ID_05_06" time="0.218"/>
  <system-out/>
  <testcase classname="Candidate_TestScripts.TC_ID_05_Register_and_Login" name="TC_ID_05_02" time="0.165"/>
  <system-out/>
  <testcase classname="Candidate_TestScripts.TC_ID_05_Register_and_Login" name="TC_ID_05_03" time="0.185"/>
  <system-out/>
  <testcase classname="Candidate_TestScripts.TC_ID_05_Register_and_Login" name="TC_ID_05_08" time="2.128"/>
  <system-out/>
  <testcase classname="Candidate_TestScripts.TC_ID_05_Register_and_Login" name="TC_ID_05_07" time="0.322"/>
  <system-out/>
  <testcase classname="Candidate_TestScripts.TC_ID_05_Register_and_Login" name="TC_ID_05_01" time="4.783"/>
  <system-out/>
</testsuite> <!-- Candidate_TestScripts.TC_ID_05_Register_and_Login -->
