<?xml version="1.0" encoding="UTF-8"?>
<!-- Generated by org.testng.reporters.JUnitReportReporter -->
<testsuite hostname="MadhaviBambawle" failures="0" tests="7" name="Candidate_TestScripts.TC_ID_09_Candidate_YourApplication" time="11.384" errors="0" timestamp="2025-04-08T17:57:25 IST" skipped="0">
  <testcase classname="Candidate_TestScripts.TC_ID_09_Candidate_YourApplication" name="TC_ID_09_04" time="0.175"/>
  <system-out/>
  <testcase classname="Candidate_TestScripts.TC_ID_09_Candidate_YourApplication" name="TC_ID_09_03" time="0.150"/>
  <system-out/>
  <testcase classname="Candidate_TestScripts.TC_ID_09_Candidate_YourApplication" name="TC_ID_09_10" time="2.157"/>
  <system-out/>
  <testcase classname="Candidate_TestScripts.TC_ID_09_Candidate_YourApplication" name="TC_ID_09_01" time="7.738"/>
  <system-out/>
  <testcase classname="Candidate_TestScripts.TC_ID_09_Candidate_YourApplication" name="TC_ID_09_02" time="0.352"/>
  <system-out/>
  <testcase classname="Candidate_TestScripts.TC_ID_09_Candidate_YourApplication" name="TC_ID_09_09" time="0.136"/>
  <system-out/>
  <testcase classname="Candidate_TestScripts.TC_ID_09_Candidate_YourApplication" name="TC_ID_09_05" time="0.676"/>
  <system-out/>
</testsuite> <!-- Candidate_TestScripts.TC_ID_09_Candidate_YourApplication -->
