<?xml version="1.0" encoding="UTF-8"?>
<!-- Generated by org.testng.reporters.JUnitReportReporter -->
<testsuite hostname="MadhaviBambawle" failures="0" tests="4" name="Candidate_TestScripts.TC_ID_05_Login_with_InvalidData" time="23.045" errors="0" timestamp="2025-04-08T13:23:44 IST" skipped="0">
  <testcase classname="Candidate_TestScripts.TC_ID_05_Login_with_InvalidData" name="TC_ID_05_13" time="5.164"/>
  <system-out/>
  <testcase classname="Candidate_TestScripts.TC_ID_05_Login_with_InvalidData" name="TC_ID_05_14" time="5.245"/>
  <system-out/>
  <testcase classname="Candidate_TestScripts.TC_ID_05_Login_with_InvalidData" name="TC_ID_05_15" time="1.393"/>
  <system-out/>
  <testcase classname="Candidate_TestScripts.TC_ID_05_Login_with_InvalidData" name="TC_ID_05_12" time="11.243"/>
  <system-out/>
</testsuite> <!-- Candidate_TestScripts.TC_ID_05_Login_with_InvalidData -->
