<?xml version="1.0" encoding="UTF-8"?>
<!-- Generated by org.testng.reporters.JUnitReportReporter -->
<testsuite hostname="MadhaviBambawle" failures="0" tests="10" name="Candidate_TestScripts.TC_ID_06_Candidate_Profile_Update" time="55.030" errors="0" timestamp="2025-04-08T15:31:07 IST" skipped="0">
  <testcase classname="Candidate_TestScripts.TC_ID_06_Candidate_Profile_Update" name="TC_ID_06_01" time="7.386"/>
  <system-out/>
  <testcase classname="Candidate_TestScripts.TC_ID_06_Candidate_Profile_Update" name="TC_ID_06_04" time="2.516"/>
  <system-out/>
  <testcase classname="Candidate_TestScripts.TC_ID_06_Candidate_Profile_Update" name="TC_ID_06_10" time="3.575"/>
  <system-out/>
  <testcase classname="Candidate_TestScripts.TC_ID_06_Candidate_Profile_Update" name="TC_ID_06_03" time="0.120"/>
  <system-out/>
  <testcase classname="Candidate_TestScripts.TC_ID_06_Candidate_Profile_Update" name="TC_ID_06_09" time="33.231"/>
  <system-out/>
  <testcase classname="Candidate_TestScripts.TC_ID_06_Candidate_Profile_Update" name="TC_ID_06_08" time="0.715"/>
  <system-out/>
  <testcase classname="Candidate_TestScripts.TC_ID_06_Candidate_Profile_Update" name="TC_ID_06_05" time="4.449"/>
  <system-out/>
  <testcase classname="Candidate_TestScripts.TC_ID_06_Candidate_Profile_Update" name="TC_ID_06_02" time="0.149"/>
  <system-out/>
  <testcase classname="Candidate_TestScripts.TC_ID_06_Candidate_Profile_Update" name="TC_ID_06_07" time="0.116"/>
  <system-out/>
  <testcase classname="Candidate_TestScripts.TC_ID_06_Candidate_Profile_Update" name="TC_ID_06_06" time="2.773"/>
  <system-out/>
</testsuite> <!-- Candidate_TestScripts.TC_ID_06_Candidate_Profile_Update -->
