<?xml version="1.0" encoding="UTF-8"?>
<!-- Generated by org.testng.reporters.JUnitReportReporter -->
<testsuite hostname="LAPTOP-9081R7OK" failures="0" tests="8" name="company.tests.TC_ID_03_Post_A_Job" time="357.470" errors="0" timestamp="2025-03-13T21:52:19 IST" skipped="0">
  <testcase classname="company.tests.TC_ID_03_Post_A_Job" name="TC_ID_03_07" time="50.924"/>
  <testcase classname="company.tests.TC_ID_03_Post_A_Job" name="TC_ID_03_04" time="110.048"/>
  <testcase classname="company.tests.TC_ID_03_Post_A_Job" name="TC_ID_03_01" time="15.257"/>
  <testcase classname="company.tests.TC_ID_03_Post_A_Job" name="TC_ID_03_03" time="1.872"/>
  <testcase classname="company.tests.TC_ID_03_Post_A_Job" name="TC_ID_03_06" time="56.290"/>
  <testcase classname="company.tests.TC_ID_03_Post_A_Job" name="TC_ID_03_05" time="65.008"/>
  <testcase classname="company.tests.TC_ID_03_Post_A_Job" name="TC_ID_03_02" time="2.448"/>
  <testcase classname="company.tests.TC_ID_03_Post_A_Job" name="TC_ID_03_08" time="55.623"/>
</testsuite> <!-- company.tests.TC_ID_03_Post_A_Job -->
