<?xml version="1.0" encoding="UTF-8"?>
<!-- Generated by org.testng.reporters.JUnitReportReporter -->
<testsuite hostname="MadhaviBambawle" failures="0" tests="13" name="company.tests.TC_ID_02_Profile" time="17.350" errors="1" timestamp="2025-03-11T12:37:17 IST" skipped="12">
  <testcase classname="company.tests.TC_ID_02_Profile" name="TC_ID_02_09" time="0.000">
    <skipped/>
  </testcase> <!-- TC_ID_02_09 -->
  <system-out/>
  <testcase classname="company.tests.TC_ID_02_Profile" name="setup" time="17.350">
    <error message="unknown error: net::ERR_NAME_NOT_RESOLVED
  (Session info: chrome=134.0.6998.88)
Build info: version: &#039;4.19.1&#039;, revision: &#039;abe0ee07dc&#039;
System info: os.name: &#039;Windows 11&#039;, os.arch: &#039;amd64&#039;, os.version: &#039;10.0&#039;, java.version: &#039;23.0.1&#039;
Driver info: org.openqa.selenium.chrome.ChromeDriver
Command: [451d570e62166b48ccf7dba7ad59bbdd, get {url=https:https://test-jobs.reyan.co.in/session/login/company}]
Capabilities {acceptInsecureCerts: false, browserName: chrome, browserVersion: 134.0.6998.88, chrome: {chromedriverVersion: 134.0.6998.35 (ea6ef4c2ac15..., userDataDir: C:\Users\MADHAV~1\AppData\L...}, fedcm:accounts: true, goog:chromeOptions: {debuggerAddress: localhost:55852}, networkConnectionEnabled: false, pageLoadStrategy: normal, platformName: windows, proxy: Proxy(), se:cdp: ws://localhost:55852/devtoo..., se:cdpVersion: 134.0.6998.88, setWindowRect: true, strictFileInteractability: false, timeouts: {implicit: 0, pageLoad: 300000, script: 30000}, unhandledPromptBehavior: dismiss and notify, webauthn:extension:credBlob: true, webauthn:extension:largeBlob: true, webauthn:extension:minPinLength: true, webauthn:extension:prf: true, webauthn:virtualAuthenticators: true}
Session ID: 451d570e62166b48ccf7dba7ad59bbdd" type="org.openqa.selenium.WebDriverException">
      <![CDATA[org.openqa.selenium.WebDriverException: unknown error: net::ERR_NAME_NOT_RESOLVED
  (Session info: chrome=134.0.6998.88)
Build info: version: '4.19.1', revision: 'abe0ee07dc'
System info: os.name: 'Windows 11', os.arch: 'amd64', os.version: '10.0', java.version: '23.0.1'
Driver info: org.openqa.selenium.chrome.ChromeDriver
Command: [451d570e62166b48ccf7dba7ad59bbdd, get {url=https:https://test-jobs.reyan.co.in/session/login/company}]
Capabilities {acceptInsecureCerts: false, browserName: chrome, browserVersion: 134.0.6998.88, chrome: {chromedriverVersion: 134.0.6998.35 (ea6ef4c2ac15..., userDataDir: C:\Users\MADHAV~1\AppData\L...}, fedcm:accounts: true, goog:chromeOptions: {debuggerAddress: localhost:55852}, networkConnectionEnabled: false, pageLoadStrategy: normal, platformName: windows, proxy: Proxy(), se:cdp: ws://localhost:55852/devtoo..., se:cdpVersion: 134.0.6998.88, setWindowRect: true, strictFileInteractability: false, timeouts: {implicit: 0, pageLoad: 300000, script: 30000}, unhandledPromptBehavior: dismiss and notify, webauthn:extension:credBlob: true, webauthn:extension:largeBlob: true, webauthn:extension:minPinLength: true, webauthn:extension:prf: true, webauthn:virtualAuthenticators: true}
Session ID: 451d570e62166b48ccf7dba7ad59bbdd
at java.base/jdk.internal.reflect.DirectConstructorHandleAccessor.newInstance(DirectConstructorHandleAccessor.java:62)
at java.base/java.lang.reflect.Constructor.newInstanceWithCaller(Constructor.java:501)
at java.base/java.lang.reflect.Constructor.newInstance(Constructor.java:485)
at org.openqa.selenium.remote.ErrorCodec.decode(ErrorCodec.java:167)
at org.openqa.selenium.remote.codec.w3c.W3CHttpResponseCodec.decode(W3CHttpResponseCodec.java:138)
at org.openqa.selenium.remote.codec.w3c.W3CHttpResponseCodec.decode(W3CHttpResponseCodec.java:50)
at org.openqa.selenium.remote.HttpCommandExecutor.execute(HttpCommandExecutor.java:190)
at org.openqa.selenium.remote.service.DriverCommandExecutor.invokeExecute(DriverCommandExecutor.java:216)
at org.openqa.selenium.remote.service.DriverCommandExecutor.execute(DriverCommandExecutor.java:174)
at org.openqa.selenium.remote.RemoteWebDriver.execute(RemoteWebDriver.java:518)
at org.openqa.selenium.remote.RemoteWebDriver.get(RemoteWebDriver.java:300)
at base.BaseTest.setup(BaseTest.java:30)
at java.base/jdk.internal.reflect.DirectMethodHandleAccessor.invoke(DirectMethodHandleAccessor.java:103)
at java.base/java.lang.reflect.Method.invoke(Method.java:580)
at org.testng.internal.MethodInvocationHelper.invokeMethod(MethodInvocationHelper.java:133)
at org.testng.internal.MethodInvocationHelper.invokeMethodConsideringTimeout(MethodInvocationHelper.java:62)
at org.testng.internal.ConfigInvoker.invokeConfigurationMethod(ConfigInvoker.java:385)
at org.testng.internal.ConfigInvoker.invokeConfigurations(ConfigInvoker.java:321)
at org.testng.internal.TestInvoker.runConfigMethods(TestInvoker.java:700)
at org.testng.internal.TestInvoker.invokeMethod(TestInvoker.java:527)
at org.testng.internal.TestInvoker.invokeTestMethod(TestInvoker.java:173)
at org.testng.internal.MethodRunner.runInSequence(MethodRunner.java:46)
at org.testng.internal.TestInvoker$MethodInvocationAgent.invoke(TestInvoker.java:824)
at org.testng.internal.TestInvoker.invokeTestMethods(TestInvoker.java:146)
at org.testng.internal.TestMethodWorker.invokeTestMethods(TestMethodWorker.java:146)
at org.testng.internal.TestMethodWorker.run(TestMethodWorker.java:128)
at java.base/java.util.ArrayList.forEach(ArrayList.java:1597)
at org.testng.TestRunner.privateRun(TestRunner.java:794)
at org.testng.TestRunner.run(TestRunner.java:596)
at org.testng.SuiteRunner.runTest(SuiteRunner.java:377)
at org.testng.SuiteRunner.runSequentially(SuiteRunner.java:371)
at org.testng.SuiteRunner.privateRun(SuiteRunner.java:332)
at org.testng.SuiteRunner.run(SuiteRunner.java:276)
at org.testng.SuiteRunnerWorker.runSuite(SuiteRunnerWorker.java:53)
at org.testng.SuiteRunnerWorker.run(SuiteRunnerWorker.java:96)
at org.testng.TestNG.runSuitesSequentially(TestNG.java:1212)
at org.testng.TestNG.runSuitesLocally(TestNG.java:1134)
at org.testng.TestNG.runSuites(TestNG.java:1063)
at org.testng.TestNG.run(TestNG.java:1031)
at org.testng.remote.AbstractRemoteTestNG.run(AbstractRemoteTestNG.java:115)
at org.testng.remote.RemoteTestNG.initAndRun(RemoteTestNG.java:293)
at org.testng.remote.RemoteTestNG.main(RemoteTestNG.java:91)
]]>
    </error>
  </testcase> <!-- setup -->
  <system-out/>
  <testcase classname="company.tests.TC_ID_02_Profile" name="TC_ID_02_12" time="0.000">
    <skipped/>
  </testcase> <!-- TC_ID_02_12 -->
  <system-out/>
  <testcase classname="company.tests.TC_ID_02_Profile" name="TC_ID_02_04" time="0.000">
    <skipped/>
  </testcase> <!-- TC_ID_02_04 -->
  <system-out/>
  <testcase classname="company.tests.TC_ID_02_Profile" name="TC_ID_02_05" time="0.000">
    <skipped/>
  </testcase> <!-- TC_ID_02_05 -->
  <system-out/>
  <testcase classname="company.tests.TC_ID_02_Profile" name="TC_ID_02_07" time="0.000">
    <skipped/>
  </testcase> <!-- TC_ID_02_07 -->
  <system-out/>
  <testcase classname="company.tests.TC_ID_02_Profile" name="TC_ID_02_10" time="0.000">
    <skipped/>
  </testcase> <!-- TC_ID_02_10 -->
  <system-out/>
  <testcase classname="company.tests.TC_ID_02_Profile" name="TC_ID_02_02" time="0.000">
    <skipped/>
  </testcase> <!-- TC_ID_02_02 -->
  <system-out/>
  <testcase classname="company.tests.TC_ID_02_Profile" name="TC_ID_02_08" time="0.000">
    <skipped/>
  </testcase> <!-- TC_ID_02_08 -->
  <system-out/>
  <testcase classname="company.tests.TC_ID_02_Profile" name="TC_ID_02_06" time="0.000">
    <skipped/>
  </testcase> <!-- TC_ID_02_06 -->
  <system-out/>
  <testcase classname="company.tests.TC_ID_02_Profile" name="TC_ID_02_01" time="0.000">
    <skipped/>
  </testcase> <!-- TC_ID_02_01 -->
  <system-out/>
  <testcase classname="company.tests.TC_ID_02_Profile" name="TC_ID_02_03" time="0.000">
    <skipped/>
  </testcase> <!-- TC_ID_02_03 -->
  <system-out/>
  <testcase classname="company.tests.TC_ID_02_Profile" name="TC_ID_02_11" time="0.000">
    <skipped/>
  </testcase> <!-- TC_ID_02_11 -->
  <system-out/>
</testsuite> <!-- company.tests.TC_ID_02_Profile -->
