<?xml version="1.0" encoding="UTF-8"?>
<!-- Generated by org.testng.reporters.JUnitReportReporter -->
<testsuite hostname="MadhaviBambawle" failures="0" tests="1" name="Candidate_TestScripts.TC_ID_06_Logout" time="8.532" errors="0" timestamp="2025-04-08T15:43:08 IST" skipped="0">
  <testcase classname="Candidate_TestScripts.TC_ID_06_Logout" name="TC_ID_06_15" time="8.532"/>
  <system-out/>
</testsuite> <!-- Candidate_TestScripts.TC_ID_06_Logout -->
