<?xml version="1.0" encoding="UTF-8"?>
<!-- Generated by org.testng.reporters.JUnitReportReporter -->
<testsuite hostname="MadhaviBambawle" failures="0" tests="9" name="Candidate_TestScripts.TC_ID_07_Candidate_Job_Apply" time="37.811" errors="0" timestamp="2025-04-08T17:28:44 IST" skipped="0">
  <testcase classname="Candidate_TestScripts.TC_ID_07_Candidate_Job_Apply" name="TC_ID_07_09" time="7.083"/>
  <system-out/>
  <testcase classname="Candidate_TestScripts.TC_ID_07_Candidate_Job_Apply" name="TC_ID_07_04" time="0.952"/>
  <system-out/>
  <testcase classname="Candidate_TestScripts.TC_ID_07_Candidate_Job_Apply" name="TC_ID_07_07" time="3.343"/>
  <system-out/>
  <testcase classname="Candidate_TestScripts.TC_ID_07_Candidate_Job_Apply" name="TC_ID_07_01" time="7.935"/>
  <system-out/>
  <testcase classname="Candidate_TestScripts.TC_ID_07_Candidate_Job_Apply" name="TC_ID_07_02" time="0.596"/>
  <system-out/>
  <testcase classname="Candidate_TestScripts.TC_ID_07_Candidate_Job_Apply" name="TC_ID_07_05" time="1.132"/>
  <system-out/>
  <testcase classname="Candidate_TestScripts.TC_ID_07_Candidate_Job_Apply" name="TC_ID_07_06" time="0.175"/>
  <system-out/>
  <testcase classname="Candidate_TestScripts.TC_ID_07_Candidate_Job_Apply" name="TC_ID_07_03" time="12.236"/>
  <system-out/>
  <testcase classname="Candidate_TestScripts.TC_ID_07_Candidate_Job_Apply" name="TC_ID_07_08" time="4.359"/>
  <system-out/>
</testsuite> <!-- Candidate_TestScripts.TC_ID_07_Candidate_Job_Apply -->
