<?xml version="1.0" encoding="UTF-8"?>
<!-- Generated by org.testng.reporters.JUnitReportReporter -->
<testsuite hostname="MadhaviBambawle" failures="0" tests="11" name="Admin_TestScripts.TC_ID_22_Dashboard" time="40.135" errors="0" timestamp="2025-04-09T14:08:09 IST" skipped="0">
  <testcase classname="Admin_TestScripts.TC_ID_22_Dashboard" name="TC_ID_22_10" time="0.164"/>
  <system-out/>
  <testcase classname="Admin_TestScripts.TC_ID_22_Dashboard" name="TC_ID_22_11" time="10.004"/>
  <system-out/>
  <testcase classname="Admin_TestScripts.TC_ID_22_Dashboard" name="TC_ID_22_06" time="0.213"/>
  <system-out/>
  <testcase classname="Admin_TestScripts.TC_ID_22_Dashboard" name="TC_ID_22_01" time="7.127"/>
  <system-out/>
  <testcase classname="Admin_TestScripts.TC_ID_22_Dashboard" name="TC_ID_22_05" time="3.917"/>
  <system-out/>
  <testcase classname="Admin_TestScripts.TC_ID_22_Dashboard" name="TC_ID_22_03" time="1.317"/>
  <system-out/>
  <testcase classname="Admin_TestScripts.TC_ID_22_Dashboard" name="TC_ID_22_08" time="0.172"/>
  <system-out/>
  <testcase classname="Admin_TestScripts.TC_ID_22_Dashboard" name="TC_ID_22_07" time="16.328"/>
  <system-out/>
  <testcase classname="Admin_TestScripts.TC_ID_22_Dashboard" name="TC_ID_22_04" time="0.122"/>
  <system-out/>
  <testcase classname="Admin_TestScripts.TC_ID_22_Dashboard" name="TC_ID_22_09" time="0.722"/>
  <system-out/>
  <testcase classname="Admin_TestScripts.TC_ID_22_Dashboard" name="TC_ID_22_02" time="0.049"/>
  <system-out/>
</testsuite> <!-- Admin_TestScripts.TC_ID_22_Dashboard -->
