<?xml version="1.0" encoding="UTF-8"?>
<!-- Generated by org.testng.reporters.JUnitReportReporter -->
<testsuite hostname="MadhaviBambawle" failures="0" tests="12" name="Candidate_TestScripts.TC_ID_06_Update_Profile_while_applying_for_job" time="255.676" errors="0" timestamp="2025-04-08T17:22:43 IST" skipped="0">
  <testcase classname="Candidate_TestScripts.TC_ID_06_Update_Profile_while_applying_for_job" name="TC_ID_06_21" time="46.033"/>
  <system-out/>
  <testcase classname="Candidate_TestScripts.TC_ID_06_Update_Profile_while_applying_for_job" name="TC_ID_06_23" time="0.043"/>
  <system-out/>
  <testcase classname="Candidate_TestScripts.TC_ID_06_Update_Profile_while_applying_for_job" name="TC_ID_06_17" time="0.127"/>
  <system-out/>
  <testcase classname="Candidate_TestScripts.TC_ID_06_Update_Profile_while_applying_for_job" name="TC_ID_06_22" time="46.431"/>
  <system-out/>
  <testcase classname="Candidate_TestScripts.TC_ID_06_Update_Profile_while_applying_for_job" name="TC_ID_06_24" time="0.144"/>
  <system-out/>
  <testcase classname="Candidate_TestScripts.TC_ID_06_Update_Profile_while_applying_for_job" name="TC_ID_06_20" time="46.413"/>
  <system-out/>
  <testcase classname="Candidate_TestScripts.TC_ID_06_Update_Profile_while_applying_for_job" name="TC_ID_06_16" time="18.204"/>
  <system-out/>
  <testcase classname="Candidate_TestScripts.TC_ID_06_Update_Profile_while_applying_for_job" name="TC_ID_06_28" time="35.657"/>
  <system-out/>
  <testcase classname="Candidate_TestScripts.TC_ID_06_Update_Profile_while_applying_for_job" name="TC_ID_06_27" time="6.406"/>
  <system-out/>
  <testcase classname="Candidate_TestScripts.TC_ID_06_Update_Profile_while_applying_for_job" name="TC_ID_06_19" time="4.134"/>
  <system-out/>
  <testcase classname="Candidate_TestScripts.TC_ID_06_Update_Profile_while_applying_for_job" name="TC_ID_06_26" time="0.116"/>
  <system-out/>
  <testcase classname="Candidate_TestScripts.TC_ID_06_Update_Profile_while_applying_for_job" name="TC_ID_06_18" time="51.968"/>
  <system-out/>
</testsuite> <!-- Candidate_TestScripts.TC_ID_06_Update_Profile_while_applying_for_job -->
